2018-11-11 08:07:36,093 ERROR 28707 nodejs.ClusterClientNoResponseError: client no response in 574729ms exceeding maxIdleTime 60000ms, maybe the connection is close on other side.
    at Timeout.Leader._heartbeatTimer.setInterval [as _onTimeout] (/Users/JI/Public/vscode/egg-example/node_modules/cluster-client/lib/leader.js:74:23)
    at listOnTimeout (timers.js:324:15)
    at processTimers (timers.js:268:5)
name: "ClusterClientNoResponseError"
pid: 28707
hostname: localhost

2018-11-11 08:17:39,113 ERROR 28707 nodejs.ClusterClientNoResponseError: client no response in 570133ms exceeding maxIdleTime 60000ms, maybe the connection is close on other side.
    at Timeout.Leader._heartbeatTimer.setInterval [as _onTimeout] (/Users/JI/Public/vscode/egg-example/node_modules/cluster-client/lib/leader.js:74:23)
    at listOnTimeout (timers.js:324:15)
    at processTimers (timers.js:268:5)
name: "ClusterClientNoResponseError"
pid: 28707
hostname: localhost

2018-11-11 08:27:41,015 ERROR 28707 nodejs.ClusterClientNoResponseError: client no response in 568624ms exceeding maxIdleTime 60000ms, maybe the connection is close on other side.
    at Timeout.Leader._heartbeatTimer.setInterval [as _onTimeout] (/Users/JI/Public/vscode/egg-example/node_modules/cluster-client/lib/leader.js:74:23)
    at listOnTimeout (timers.js:324:15)
    at processTimers (timers.js:268:5)
name: "ClusterClientNoResponseError"
pid: 28707
hostname: localhost

2018-11-11 08:37:46,098 ERROR 28707 nodejs.ClusterClientNoResponseError: client no response in 571585ms exceeding maxIdleTime 60000ms, maybe the connection is close on other side.
    at Timeout.Leader._heartbeatTimer.setInterval [as _onTimeout] (/Users/JI/Public/vscode/egg-example/node_modules/cluster-client/lib/leader.js:74:23)
    at listOnTimeout (timers.js:324:15)
    at processTimers (timers.js:268:5)
name: "ClusterClientNoResponseError"
pid: 28707
hostname: localhost

2018-11-11 08:47:48,085 ERROR 28707 nodejs.ClusterClientNoResponseError: client no response in 569090ms exceeding maxIdleTime 60000ms, maybe the connection is close on other side.
    at Timeout.Leader._heartbeatTimer.setInterval [as _onTimeout] (/Users/JI/Public/vscode/egg-example/node_modules/cluster-client/lib/leader.js:74:23)
    at listOnTimeout (timers.js:324:15)
    at processTimers (timers.js:268:5)
name: "ClusterClientNoResponseError"
pid: 28707
hostname: localhost

2018-11-11 08:57:54,130 ERROR 28707 nodejs.ClusterClientNoResponseError: client no response in 572844ms exceeding maxIdleTime 60000ms, maybe the connection is close on other side.
    at Timeout.Leader._heartbeatTimer.setInterval [as _onTimeout] (/Users/JI/Public/vscode/egg-example/node_modules/cluster-client/lib/leader.js:74:23)
    at listOnTimeout (timers.js:324:15)
    at processTimers (timers.js:268:5)
name: "ClusterClientNoResponseError"
pid: 28707
hostname: localhost

2018-11-11 09:06:27,048 ERROR 28707 nodejs.ClusterClientNoResponseError: client no response in 480000ms exceeding maxIdleTime 60000ms, maybe the connection is close on other side.
    at Timeout.Leader._heartbeatTimer.setInterval [as _onTimeout] (/Users/JI/Public/vscode/egg-example/node_modules/cluster-client/lib/leader.js:74:23)
    at listOnTimeout (timers.js:324:15)
    at processTimers (timers.js:268:5)
name: "ClusterClientNoResponseError"
pid: 28707
hostname: localhost

2018-11-11 09:20:48,062 ERROR 28707 nodejs.ClusterClientNoResponseError: client no response in 828161ms exceeding maxIdleTime 60000ms, maybe the connection is close on other side.
    at Timeout.Leader._heartbeatTimer.setInterval [as _onTimeout] (/Users/JI/Public/vscode/egg-example/node_modules/cluster-client/lib/leader.js:74:23)
    at listOnTimeout (timers.js:324:15)
    at processTimers (timers.js:268:5)
name: "ClusterClientNoResponseError"
pid: 28707
hostname: localhost

2018-11-11 09:24:25,046 ERROR 28707 nodejs.ClusterClientNoResponseError: client no response in 196860ms exceeding maxIdleTime 60000ms, maybe the connection is close on other side.
    at Timeout.Leader._heartbeatTimer.setInterval [as _onTimeout] (/Users/JI/Public/vscode/egg-example/node_modules/cluster-client/lib/leader.js:74:23)
    at listOnTimeout (timers.js:324:15)
    at processTimers (timers.js:268:5)
name: "ClusterClientNoResponseError"
pid: 28707
hostname: localhost

2018-11-11 09:34:15,117 ERROR 28707 nodejs.ClusterClientNoResponseError: client no response in 590019ms exceeding maxIdleTime 60000ms, maybe the connection is close on other side.
    at Timeout.Leader._heartbeatTimer.setInterval [as _onTimeout] (/Users/JI/Public/vscode/egg-example/node_modules/cluster-client/lib/leader.js:74:23)
    at listOnTimeout (timers.js:324:15)
    at processTimers (timers.js:268:5)
name: "ClusterClientNoResponseError"
pid: 28707
hostname: localhost

2018-11-11 09:44:13,115 ERROR 28707 nodejs.ClusterClientNoResponseError: client no response in 577978ms exceeding maxIdleTime 60000ms, maybe the connection is close on other side.
    at Timeout.Leader._heartbeatTimer.setInterval [as _onTimeout] (/Users/JI/Public/vscode/egg-example/node_modules/cluster-client/lib/leader.js:74:23)
    at listOnTimeout (timers.js:324:15)
    at processTimers (timers.js:268:5)
name: "ClusterClientNoResponseError"
pid: 28707
hostname: localhost

2018-11-11 13:49:47,297 ERROR 28707 nodejs.ClusterClientNoResponseError: client no response in 574683ms exceeding maxIdleTime 60000ms, maybe the connection is close on other side.
    at Timeout.Leader._heartbeatTimer.setInterval [as _onTimeout] (/Users/JI/Public/vscode/egg-example/node_modules/cluster-client/lib/leader.js:74:23)
    at listOnTimeout (timers.js:324:15)
    at processTimers (timers.js:268:5)
name: "ClusterClientNoResponseError"
pid: 28707
hostname: localhost

2018-11-11 13:59:45,786 ERROR 28707 nodejs.ClusterClientNoResponseError: client no response in 578472ms exceeding maxIdleTime 60000ms, maybe the connection is close on other side.
    at Timeout.Leader._heartbeatTimer.setInterval [as _onTimeout] (/Users/JI/Public/vscode/egg-example/node_modules/cluster-client/lib/leader.js:74:23)
    at listOnTimeout (timers.js:324:15)
    at processTimers (timers.js:268:5)
name: "ClusterClientNoResponseError"
pid: 28707
hostname: localhost

2018-11-11 14:09:29,929 ERROR 28707 nodejs.ClusterClientNoResponseError: client no response in 564130ms exceeding maxIdleTime 60000ms, maybe the connection is close on other side.
    at Timeout.Leader._heartbeatTimer.setInterval [as _onTimeout] (/Users/JI/Public/vscode/egg-example/node_modules/cluster-client/lib/leader.js:74:23)
    at listOnTimeout (timers.js:324:15)
    at processTimers (timers.js:268:5)
name: "ClusterClientNoResponseError"
pid: 28707
hostname: localhost

2018-11-11 14:19:28,457 ERROR 28707 nodejs.ClusterClientNoResponseError: client no response in 578516ms exceeding maxIdleTime 60000ms, maybe the connection is close on other side.
    at Timeout.Leader._heartbeatTimer.setInterval [as _onTimeout] (/Users/JI/Public/vscode/egg-example/node_modules/cluster-client/lib/leader.js:74:23)
    at listOnTimeout (timers.js:324:15)
    at processTimers (timers.js:268:5)
name: "ClusterClientNoResponseError"
pid: 28707
hostname: localhost

2018-11-11 14:29:39,187 ERROR 28707 nodejs.ClusterClientNoResponseError: client no response in 590713ms exceeding maxIdleTime 60000ms, maybe the connection is close on other side.
    at Timeout.Leader._heartbeatTimer.setInterval [as _onTimeout] (/Users/JI/Public/vscode/egg-example/node_modules/cluster-client/lib/leader.js:74:23)
    at listOnTimeout (timers.js:324:15)
    at processTimers (timers.js:268:5)
name: "ClusterClientNoResponseError"
pid: 28707
hostname: localhost

2018-11-11 14:39:36,823 ERROR 28707 nodejs.ClusterClientNoResponseError: client no response in 577619ms exceeding maxIdleTime 60000ms, maybe the connection is close on other side.
    at Timeout.Leader._heartbeatTimer.setInterval [as _onTimeout] (/Users/JI/Public/vscode/egg-example/node_modules/cluster-client/lib/leader.js:74:23)
    at listOnTimeout (timers.js:324:15)
    at processTimers (timers.js:268:5)
name: "ClusterClientNoResponseError"
pid: 28707
hostname: localhost

2018-11-11 14:49:34,811 ERROR 28707 nodejs.ClusterClientNoResponseError: client no response in 577972ms exceeding maxIdleTime 60000ms, maybe the connection is close on other side.
    at Timeout.Leader._heartbeatTimer.setInterval [as _onTimeout] (/Users/JI/Public/vscode/egg-example/node_modules/cluster-client/lib/leader.js:74:23)
    at listOnTimeout (timers.js:324:15)
    at processTimers (timers.js:268:5)
name: "ClusterClientNoResponseError"
pid: 28707
hostname: localhost

2018-11-11 15:03:51,070 ERROR 28707 nodejs.ClusterClientNoResponseError: client no response in 836239ms exceeding maxIdleTime 60000ms, maybe the connection is close on other side.
    at Timeout.Leader._heartbeatTimer.setInterval [as _onTimeout] (/Users/JI/Public/vscode/egg-example/node_modules/cluster-client/lib/leader.js:74:23)
    at listOnTimeout (timers.js:324:15)
    at processTimers (timers.js:268:5)
name: "ClusterClientNoResponseError"
pid: 28707
hostname: localhost

2018-11-11 15:13:15,114 ERROR 28707 nodejs.ClusterClientNoResponseError: client no response in 564037ms exceeding maxIdleTime 60000ms, maybe the connection is close on other side.
    at Timeout.Leader._heartbeatTimer.setInterval [as _onTimeout] (/Users/JI/Public/vscode/egg-example/node_modules/cluster-client/lib/leader.js:74:23)
    at listOnTimeout (timers.js:324:15)
    at processTimers (timers.js:268:5)
name: "ClusterClientNoResponseError"
pid: 28707
hostname: localhost

2018-11-11 15:23:27,180 ERROR 28707 nodejs.ClusterClientNoResponseError: client no response in 577741ms exceeding maxIdleTime 60000ms, maybe the connection is close on other side.
    at Timeout.Leader._heartbeatTimer.setInterval [as _onTimeout] (/Users/JI/Public/vscode/egg-example/node_modules/cluster-client/lib/leader.js:74:23)
    at listOnTimeout (timers.js:324:15)
    at processTimers (timers.js:268:5)
name: "ClusterClientNoResponseError"
pid: 28707
hostname: localhost

2018-11-11 15:33:24,864 ERROR 28707 nodejs.ClusterClientNoResponseError: client no response in 577669ms exceeding maxIdleTime 60000ms, maybe the connection is close on other side.
    at Timeout.Leader._heartbeatTimer.setInterval [as _onTimeout] (/Users/JI/Public/vscode/egg-example/node_modules/cluster-client/lib/leader.js:74:23)
    at listOnTimeout (timers.js:324:15)
    at processTimers (timers.js:268:5)
name: "ClusterClientNoResponseError"
pid: 28707
hostname: localhost

2018-11-11 15:43:22,733 ERROR 28707 nodejs.ClusterClientNoResponseError: client no response in 577856ms exceeding maxIdleTime 60000ms, maybe the connection is close on other side.
    at Timeout.Leader._heartbeatTimer.setInterval [as _onTimeout] (/Users/JI/Public/vscode/egg-example/node_modules/cluster-client/lib/leader.js:74:23)
    at listOnTimeout (timers.js:324:15)
    at processTimers (timers.js:268:5)
name: "ClusterClientNoResponseError"
pid: 28707
hostname: localhost

2018-11-11 15:53:20,492 ERROR 28707 nodejs.ClusterClientNoResponseError: client no response in 577750ms exceeding maxIdleTime 60000ms, maybe the connection is close on other side.
    at Timeout.Leader._heartbeatTimer.setInterval [as _onTimeout] (/Users/JI/Public/vscode/egg-example/node_modules/cluster-client/lib/leader.js:74:23)
    at listOnTimeout (timers.js:324:15)
    at processTimers (timers.js:268:5)
name: "ClusterClientNoResponseError"
pid: 28707
hostname: localhost

2018-11-11 16:03:18,517 ERROR 28707 nodejs.ClusterClientNoResponseError: client no response in 578014ms exceeding maxIdleTime 60000ms, maybe the connection is close on other side.
    at Timeout.Leader._heartbeatTimer.setInterval [as _onTimeout] (/Users/JI/Public/vscode/egg-example/node_modules/cluster-client/lib/leader.js:74:23)
    at listOnTimeout (timers.js:324:15)
    at processTimers (timers.js:268:5)
name: "ClusterClientNoResponseError"
pid: 28707
hostname: localhost

2018-11-11 16:13:16,121 ERROR 28707 nodejs.ClusterClientNoResponseError: client no response in 577593ms exceeding maxIdleTime 60000ms, maybe the connection is close on other side.
    at Timeout.Leader._heartbeatTimer.setInterval [as _onTimeout] (/Users/JI/Public/vscode/egg-example/node_modules/cluster-client/lib/leader.js:74:23)
    at listOnTimeout (timers.js:324:15)
    at processTimers (timers.js:268:5)
name: "ClusterClientNoResponseError"
pid: 28707
hostname: localhost

2018-11-11 16:23:14,053 ERROR 28707 nodejs.ClusterClientNoResponseError: client no response in 577919ms exceeding maxIdleTime 60000ms, maybe the connection is close on other side.
    at Timeout.Leader._heartbeatTimer.setInterval [as _onTimeout] (/Users/JI/Public/vscode/egg-example/node_modules/cluster-client/lib/leader.js:74:23)
    at listOnTimeout (timers.js:324:15)
    at processTimers (timers.js:268:5)
name: "ClusterClientNoResponseError"
pid: 28707
hostname: localhost

2018-11-11 16:33:11,783 ERROR 28707 nodejs.ClusterClientNoResponseError: client no response in 577715ms exceeding maxIdleTime 60000ms, maybe the connection is close on other side.
    at Timeout.Leader._heartbeatTimer.setInterval [as _onTimeout] (/Users/JI/Public/vscode/egg-example/node_modules/cluster-client/lib/leader.js:74:23)
    at listOnTimeout (timers.js:324:15)
    at processTimers (timers.js:268:5)
name: "ClusterClientNoResponseError"
pid: 28707
hostname: localhost

2018-11-11 16:43:09,299 ERROR 28707 nodejs.ClusterClientNoResponseError: client no response in 577503ms exceeding maxIdleTime 60000ms, maybe the connection is close on other side.
    at Timeout.Leader._heartbeatTimer.setInterval [as _onTimeout] (/Users/JI/Public/vscode/egg-example/node_modules/cluster-client/lib/leader.js:74:23)
    at listOnTimeout (timers.js:324:15)
    at processTimers (timers.js:268:5)
name: "ClusterClientNoResponseError"
pid: 28707
hostname: localhost

2018-11-11 16:53:36,671 ERROR 28707 nodejs.ClusterClientNoResponseError: client no response in 607112ms exceeding maxIdleTime 60000ms, maybe the connection is close on other side.
    at Timeout.Leader._heartbeatTimer.setInterval [as _onTimeout] (/Users/JI/Public/vscode/egg-example/node_modules/cluster-client/lib/leader.js:74:23)
    at listOnTimeout (timers.js:324:15)
    at processTimers (timers.js:268:5)
name: "ClusterClientNoResponseError"
pid: 28707
hostname: localhost

2018-11-11 17:03:38,497 ERROR 28707 nodejs.ClusterClientNoResponseError: client no response in 568214ms exceeding maxIdleTime 60000ms, maybe the connection is close on other side.
    at Timeout.Leader._heartbeatTimer.setInterval [as _onTimeout] (/Users/JI/Public/vscode/egg-example/node_modules/cluster-client/lib/leader.js:74:23)
    at listOnTimeout (timers.js:324:15)
    at processTimers (timers.js:268:5)
name: "ClusterClientNoResponseError"
pid: 28707
hostname: localhost

2018-11-11 17:13:41,496 ERROR 28707 nodejs.ClusterClientNoResponseError: client no response in 568288ms exceeding maxIdleTime 60000ms, maybe the connection is close on other side.
    at Timeout.Leader._heartbeatTimer.setInterval [as _onTimeout] (/Users/JI/Public/vscode/egg-example/node_modules/cluster-client/lib/leader.js:74:23)
    at listOnTimeout (timers.js:324:15)
    at processTimers (timers.js:268:5)
name: "ClusterClientNoResponseError"
pid: 28707
hostname: localhost

2018-11-11 17:23:43,505 ERROR 28707 nodejs.ClusterClientNoResponseError: client no response in 569188ms exceeding maxIdleTime 60000ms, maybe the connection is close on other side.
    at Timeout.Leader._heartbeatTimer.setInterval [as _onTimeout] (/Users/JI/Public/vscode/egg-example/node_modules/cluster-client/lib/leader.js:74:23)
    at listOnTimeout (timers.js:324:15)
    at processTimers (timers.js:268:5)
name: "ClusterClientNoResponseError"
pid: 28707
hostname: localhost

2018-11-11 17:33:45,497 ERROR 28707 nodejs.ClusterClientNoResponseError: client no response in 568820ms exceeding maxIdleTime 60000ms, maybe the connection is close on other side.
    at Timeout.Leader._heartbeatTimer.setInterval [as _onTimeout] (/Users/JI/Public/vscode/egg-example/node_modules/cluster-client/lib/leader.js:74:23)
    at listOnTimeout (timers.js:324:15)
    at processTimers (timers.js:268:5)
name: "ClusterClientNoResponseError"
pid: 28707
hostname: localhost

2018-11-11 17:42:19,434 ERROR 28707 nodejs.ClusterClientNoResponseError: client no response in 480237ms exceeding maxIdleTime 60000ms, maybe the connection is close on other side.
    at Timeout.Leader._heartbeatTimer.setInterval [as _onTimeout] (/Users/JI/Public/vscode/egg-example/node_modules/cluster-client/lib/leader.js:74:23)
    at listOnTimeout (timers.js:324:15)
    at processTimers (timers.js:268:5)
name: "ClusterClientNoResponseError"
pid: 28707
hostname: localhost

2018-11-11 17:52:18,308 ERROR 28707 nodejs.ClusterClientNoResponseError: client no response in 566149ms exceeding maxIdleTime 60000ms, maybe the connection is close on other side.
    at Timeout.Leader._heartbeatTimer.setInterval [as _onTimeout] (/Users/JI/Public/vscode/egg-example/node_modules/cluster-client/lib/leader.js:74:23)
    at listOnTimeout (timers.js:324:15)
    at processTimers (timers.js:268:5)
name: "ClusterClientNoResponseError"
pid: 28707
hostname: localhost

2018-11-11 18:02:18,534 ERROR 28707 nodejs.ClusterClientNoResponseError: client no response in 566375ms exceeding maxIdleTime 60000ms, maybe the connection is close on other side.
    at Timeout.Leader._heartbeatTimer.setInterval [as _onTimeout] (/Users/JI/Public/vscode/egg-example/node_modules/cluster-client/lib/leader.js:74:23)
    at listOnTimeout (timers.js:324:15)
    at processTimers (timers.js:268:5)
name: "ClusterClientNoResponseError"
pid: 28707
hostname: localhost

2018-11-11 18:03:55,510 ERROR 28707 nodejs.ClusterClientNoResponseError: client no response in 62906ms exceeding maxIdleTime 60000ms, maybe the connection is close on other side.
    at Timeout.Leader._heartbeatTimer.setInterval [as _onTimeout] (/Users/JI/Public/vscode/egg-example/node_modules/cluster-client/lib/leader.js:74:23)
    at listOnTimeout (timers.js:324:15)
    at processTimers (timers.js:268:5)
name: "ClusterClientNoResponseError"
pid: 28707
hostname: localhost

