2018-11-11 07:58:10,499 INFO 28711 [egg-logrotator] app logger reload: got log-reload message
2018-11-11 08:07:36,088 WARN 28711 [TCPBase] socket is closed by other side while there were still unhandled data in the socket buffer
2018-11-11 08:07:36,114 WARN 28711 [ClusterClient:Watcher] follower closed, and try to init it again
2018-11-11 08:17:39,112 WARN 28711 [TCPBase] socket is closed by other side while there were still unhandled data in the socket buffer
2018-11-11 08:17:39,117 WARN 28711 [ClusterClient:Watcher] follower closed, and try to init it again
2018-11-11 08:27:41,004 WARN 28711 [TCPBase] socket is closed by other side while there were still unhandled data in the socket buffer
2018-11-11 08:27:41,079 WARN 28711 [ClusterClient:Watcher] follower closed, and try to init it again
2018-11-11 08:37:46,093 WARN 28711 [TCPBase] socket is closed by other side while there were still unhandled data in the socket buffer
2018-11-11 08:37:46,103 WARN 28711 [ClusterClient:Watcher] follower closed, and try to init it again
2018-11-11 08:47:48,062 WARN 28711 [TCPBase] socket is closed by other side while there were still unhandled data in the socket buffer
2018-11-11 08:47:48,108 WARN 28711 [ClusterClient:Watcher] follower closed, and try to init it again
2018-11-11 08:57:54,123 WARN 28711 [TCPBase] socket is closed by other side while there were still unhandled data in the socket buffer
2018-11-11 08:57:54,133 WARN 28711 [ClusterClient:Watcher] follower closed, and try to init it again
2018-11-11 09:06:27,044 WARN 28711 [TCPBase] socket is closed by other side while there were still unhandled data in the socket buffer
2018-11-11 09:06:27,058 WARN 28711 [ClusterClient:Watcher] follower closed, and try to init it again
2018-11-11 09:20:48,050 WARN 28711 [TCPBase] socket is closed by other side while there were still unhandled data in the socket buffer
2018-11-11 09:20:48,065 WARN 28711 [ClusterClient:Watcher] follower closed, and try to init it again
2018-11-11 09:24:25,036 WARN 28711 [TCPBase] socket is closed by other side while there were still unhandled data in the socket buffer
2018-11-11 09:24:25,065 WARN 28711 [ClusterClient:Watcher] follower closed, and try to init it again
2018-11-11 09:34:15,125 WARN 28711 [ClusterClient:Watcher] follower closed, and try to init it again
2018-11-11 09:44:13,115 WARN 28711 [ClusterClient:Watcher] follower closed, and try to init it again
2018-11-11 13:49:47,297 WARN 28711 [ClusterClient:Watcher] follower closed, and try to init it again
2018-11-11 13:59:45,786 WARN 28711 [ClusterClient:Watcher] follower closed, and try to init it again
2018-11-11 14:09:29,929 WARN 28711 [TCPBase] socket is closed by other side while there were still unhandled data in the socket buffer
2018-11-11 14:09:29,929 WARN 28711 [ClusterClient:Watcher] follower closed, and try to init it again
2018-11-11 14:19:28,457 WARN 28711 [ClusterClient:Watcher] follower closed, and try to init it again
2018-11-11 14:29:39,187 WARN 28711 [ClusterClient:Watcher] follower closed, and try to init it again
2018-11-11 14:39:36,823 WARN 28711 [ClusterClient:Watcher] follower closed, and try to init it again
2018-11-11 14:49:34,811 WARN 28711 [ClusterClient:Watcher] follower closed, and try to init it again
2018-11-11 15:03:51,071 WARN 28711 [ClusterClient:Watcher] follower closed, and try to init it again
2018-11-11 15:13:15,114 WARN 28711 [TCPBase] socket is closed by other side while there were still unhandled data in the socket buffer
2018-11-11 15:13:15,114 WARN 28711 [ClusterClient:Watcher] follower closed, and try to init it again
2018-11-11 15:23:27,180 WARN 28711 [ClusterClient:Watcher] follower closed, and try to init it again
2018-11-11 15:33:24,864 WARN 28711 [ClusterClient:Watcher] follower closed, and try to init it again
2018-11-11 15:43:22,733 WARN 28711 [ClusterClient:Watcher] follower closed, and try to init it again
2018-11-11 15:53:20,492 WARN 28711 [TCPBase] socket is closed by other side while there were still unhandled data in the socket buffer
2018-11-11 15:53:20,492 WARN 28711 [ClusterClient:Watcher] follower closed, and try to init it again
2018-11-11 16:03:18,517 WARN 28711 [ClusterClient:Watcher] follower closed, and try to init it again
2018-11-11 16:13:16,121 WARN 28711 [ClusterClient:Watcher] follower closed, and try to init it again
2018-11-11 16:23:14,053 WARN 28711 [ClusterClient:Watcher] follower closed, and try to init it again
2018-11-11 16:33:11,784 WARN 28711 [ClusterClient:Watcher] follower closed, and try to init it again
2018-11-11 16:43:09,299 WARN 28711 [ClusterClient:Watcher] follower closed, and try to init it again
2018-11-11 16:53:36,674 WARN 28711 [TCPBase] socket is closed by other side while there were still unhandled data in the socket buffer
2018-11-11 16:53:36,701 WARN 28711 [ClusterClient:Watcher] follower closed, and try to init it again
2018-11-11 17:03:38,482 WARN 28711 [TCPBase] socket is closed by other side while there were still unhandled data in the socket buffer
2018-11-11 17:03:38,510 WARN 28711 [ClusterClient:Watcher] follower closed, and try to init it again
2018-11-11 17:13:41,420 WARN 28711 [TCPBase] socket is closed by other side while there were still unhandled data in the socket buffer
2018-11-11 17:13:41,439 WARN 28711 [ClusterClient:Watcher] follower closed, and try to init it again
2018-11-11 17:23:43,500 WARN 28711 [TCPBase] socket is closed by other side while there were still unhandled data in the socket buffer
2018-11-11 17:23:43,507 WARN 28711 [ClusterClient:Watcher] follower closed, and try to init it again
2018-11-11 17:33:45,501 WARN 28711 [TCPBase] socket is closed by other side while there were still unhandled data in the socket buffer
2018-11-11 17:33:45,506 WARN 28711 [ClusterClient:Watcher] follower closed, and try to init it again
2018-11-11 17:42:19,428 WARN 28711 [TCPBase] socket is closed by other side while there were still unhandled data in the socket buffer
2018-11-11 17:42:19,443 WARN 28711 [ClusterClient:Watcher] follower closed, and try to init it again
2018-11-11 17:52:18,290 WARN 28711 [ClusterClient:Watcher] follower closed, and try to init it again
2018-11-11 18:02:18,534 WARN 28711 [ClusterClient:Watcher] follower closed, and try to init it again
2018-11-11 18:03:55,477 WARN 28711 [TCPBase] socket is closed by other side while there were still unhandled data in the socket buffer
2018-11-11 18:03:55,524 WARN 28711 [ClusterClient:Watcher] follower closed, and try to init it again
2018-11-16 16:24:40,763 INFO 94792 [egg:logger] init all loggers with options: {"dir":"/Users/qinxm/Sites/BBS/egg-example/logs/example","encoding":"utf8","env":"local","level":"INFO","consoleLevel":"INFO","disableConsoleAfterReady":false,"outputJSON":false,"buffer":true,"appLogName":"example-web.log","coreLogName":"egg-web.log","agentLogName":"egg-agent.log","errorLogName":"common-error.log","coreLogger":{"consoleLevel":"WARN"},"allowDebugAtProd":false,"type":"application"}
2018-11-16 16:24:40,801 INFO 94792 [egg-schedule]: register schedule /Users/qinxm/Sites/BBS/egg-example/node_modules/egg-logrotator/app/schedule/clean_log.js
2018-11-16 16:24:40,801 INFO 94792 [egg-schedule]: register schedule /Users/qinxm/Sites/BBS/egg-example/node_modules/egg-logrotator/app/schedule/rotate_by_file.js
2018-11-16 16:24:40,801 INFO 94792 [egg-multipart] stream mode enable
2018-11-16 16:24:40,802 INFO 94792 [egg-mysql] connecting bbs@106.12.13.62:3306/bbs
2018-11-16 16:24:40,984 INFO 94792 [egg-static] starting static serve /public/ -> /Users/qinxm/Sites/BBS/egg-example/app/public
2018-11-16 16:24:40,986 INFO 94792 [egg-security] use methodnoallow middleware
2018-11-16 16:24:40,987 INFO 94792 [egg-security] use noopen middleware
2018-11-16 16:24:40,988 INFO 94792 [egg-security] use nosniff middleware
2018-11-16 16:24:40,988 INFO 94792 [egg-security] use xssProtection middleware
2018-11-16 16:24:40,989 INFO 94792 [egg-security] use xframe middleware
2018-11-16 16:24:40,990 INFO 94792 [egg-security] use dta middleware
2018-11-16 16:24:40,990 INFO 94792 [egg-security] compose 6 middlewares into one security middleware
2018-11-16 16:24:41,003 INFO 94792 [egg:core] dump config after load, 6ms
2018-11-16 16:24:41,017 INFO 94792 [egg-watcher:application] watcher start success
2018-11-16 16:24:41,447 INFO 94792 [egg-mysql] instance[0] status OK, rds currentTime: Fri Nov 16 2018 16:24:41 GMT+0800 (CST)
2018-11-16 16:24:41,455 INFO 94792 [egg:core] dump config after ready, 4ms
2018-11-17 22:27:29,423 INFO 25060 [egg:logger] init all loggers with options: {"dir":"/Users/qinxm/Sites/BBS/github/BBS/backend/logs/example","encoding":"utf8","env":"local","level":"INFO","consoleLevel":"INFO","disableConsoleAfterReady":false,"outputJSON":false,"buffer":true,"appLogName":"example-web.log","coreLogName":"egg-web.log","agentLogName":"egg-agent.log","errorLogName":"common-error.log","coreLogger":{"consoleLevel":"WARN"},"allowDebugAtProd":false,"type":"application"}
2018-11-17 22:27:29,476 INFO 25060 [egg-schedule]: register schedule /Users/qinxm/Sites/BBS/github/BBS/backend/node_modules/_egg-logrotator@3.0.4@egg-logrotator/app/schedule/clean_log.js
2018-11-17 22:27:29,477 INFO 25060 [egg-schedule]: register schedule /Users/qinxm/Sites/BBS/github/BBS/backend/node_modules/_egg-logrotator@3.0.4@egg-logrotator/app/schedule/rotate_by_file.js
2018-11-17 22:27:29,477 INFO 25060 [egg-multipart] stream mode enable
2018-11-17 22:27:29,478 INFO 25060 [egg-mysql] connecting bbs@106.12.13.62:3306/bbs
2018-11-17 22:27:29,680 INFO 25060 [egg-static] starting static serve /public/ -> /Users/qinxm/Sites/BBS/github/BBS/backend/app/public
2018-11-17 22:27:29,683 INFO 25060 [egg-security] use methodnoallow middleware
2018-11-17 22:27:29,683 INFO 25060 [egg-security] use noopen middleware
2018-11-17 22:27:29,684 INFO 25060 [egg-security] use nosniff middleware
2018-11-17 22:27:29,685 INFO 25060 [egg-security] use xssProtection middleware
2018-11-17 22:27:29,686 INFO 25060 [egg-security] use xframe middleware
2018-11-17 22:27:29,686 INFO 25060 [egg-security] use dta middleware
2018-11-17 22:27:29,687 INFO 25060 [egg-security] compose 6 middlewares into one security middleware
2018-11-17 22:27:29,700 INFO 25060 [egg:core] dump config after load, 7ms
2018-11-17 22:27:29,745 INFO 25060 [egg-watcher:application] watcher start success
2018-11-17 22:27:29,868 INFO 25060 [egg-mysql] instance[0] status OK, rds currentTime: Sat Nov 17 2018 22:27:29 GMT+0800 (CST)
2018-11-17 22:27:29,876 INFO 25060 [egg:core] dump config after ready, 5ms
2018-11-17 22:27:41,882 WARN 25060 [http_server] A request `POST /user/register` timeout with client (::ffff:127.0.0.1:62093)
